2025-03-06 19:11:11,465 : INFO : test_1_enter_valid_credentials :Logging in with valid credentials. E-mail: caioaza@gmail.com / Password: 1234
2025-03-06 19:11:11,477 : INFO : test_1_enter_valid_credentials :Assertion Passed: login was made successfully
2025-03-06 19:35:10,851 : INFO : test_1_enter_valid_credentials :Logging in with valid credentials. E-mail: caioaza@gmail.com / Password: 1234
2025-03-06 19:35:10,872 : INFO : test_1_enter_valid_credentials :Assertion Passed: login was made successfully
2025-03-06 20:11:01,260 : INFO : test_1_enter_valid_credentials :Logging in with valid credentials. E-mail: caioaza@gmail.com / Password: 1234
2025-03-06 20:11:01,267 : INFO : test_1_enter_valid_credentials :Assertion Passed: login was made successfully
2025-03-06 20:14:39,197 : INFO : test_1_enter_valid_credentials :Logging in with valid credentials. E-mail: caioaza@gmail.com / Password: 1234
2025-03-06 20:14:39,205 : INFO : test_1_enter_valid_credentials :Assertion Passed: login was made successfully
2025-03-06 20:14:47,058 : INFO : test_2_enter_invalid_credentials :Logging in with invalid credentials. E-mail: fgsdf@gmail.com / Password: sdfgsfdg
2025-03-06 20:14:47,101 : INFO : test_2_enter_invalid_credentials :Assertion Passed: Invalid login error message was displayed.
2025-03-06 20:14:58,488 : INFO : test_3_empty_credentials :Logging in with empty credentials.
2025-03-06 20:14:58,522 : INFO : test_3_empty_credentials :Assertion Passed: Invalid login error message was displayed.
2025-03-06 20:19:44,129 : INFO : test_1_enter_valid_credentials :Logging in with valid credentials. E-mail: caioaza@gmail.com / Password: 1234
2025-03-06 20:19:44,138 : INFO : test_1_enter_valid_credentials :Assertion Passed: login was made successfully
2025-03-06 20:19:52,030 : INFO : test_2_enter_invalid_credentials :Logging in with invalid credentials. E-mail: fgsdf@gmail.com / Password: sdfgsfdg
2025-03-06 20:19:52,063 : INFO : test_2_enter_invalid_credentials :Assertion Passed: Invalid login error message was displayed.
2025-03-06 20:20:03,472 : INFO : test_3_empty_credentials :Logging in with empty credentials.
2025-03-06 20:20:03,497 : INFO : test_3_empty_credentials :Assertion Passed: Invalid login error message was displayed.
2025-03-06 20:21:14,800 : INFO : test_1_enter_valid_credentials :Logging in with valid credentials. E-mail: caioaza@gmail.com / Password: 1234
2025-03-06 20:21:14,811 : INFO : test_1_enter_valid_credentials :Assertion Passed: login was made successfully
2025-03-06 20:21:22,712 : INFO : test_2_enter_invalid_credentials :Logging in with invalid credentials. E-mail: fgsdf@gmail.com / Password: sdfgsfdg
2025-03-06 20:21:22,739 : INFO : test_2_enter_invalid_credentials :Assertion Passed: Invalid login error message was displayed.
2025-03-06 20:21:34,167 : INFO : test_3_empty_credentials :Logging in with empty credentials.
2025-03-06 20:21:34,196 : ERROR : test_3_empty_credentials :Assertion Failed! Invalid login error message wasn't displayed.
2025-03-10 16:57:34,958 : INFO : before_scenario :Assertion Passed: login was made successfully
2025-03-10 16:58:02,401 : INFO : before_scenario :Assertion Passed: Invalid login error message was displayed.
2025-03-10 16:58:24,142 : INFO : before_scenario :Assertion Passed: Invalid login error message was displayed.
2025-03-10 17:12:16,407 : INFO : before_scenario :Assertion Passed: login was made successfully
2025-03-10 17:12:28,635 : INFO : before_scenario :Assertion Passed: Invalid login error message was displayed.
2025-03-10 17:12:39,058 : INFO : before_scenario :Assertion Passed: Invalid login error message was displayed.
2025-03-10 17:19:20,843 : INFO : test_1_enter_valid_credentials :Logging in with valid credentials. E-mail: caioaza@gmail.com / Password: 1234
2025-03-10 17:19:20,859 : INFO : test_1_enter_valid_credentials :Assertion Passed: login was made successfully
2025-03-10 17:19:29,869 : INFO : test_2_enter_invalid_credentials :Logging in with invalid credentials. E-mail: fgsdf@gmail.com / Password: sdfgsfdg
2025-03-10 17:19:29,907 : INFO : test_2_enter_invalid_credentials :Assertion Passed: Invalid login error message was displayed.
2025-03-10 17:19:41,614 : INFO : test_3_empty_credentials :Logging in with empty credentials.
2025-03-10 17:19:41,633 : INFO : test_3_empty_credentials :Assertion Passed: Invalid login error message was displayed.
2025-03-10 17:20:53,314 : INFO : test_1_enter_valid_credentials :Logging in with valid credentials. E-mail: caioaza@gmail.com / Password: 1234
2025-03-10 17:20:53,329 : INFO : test_1_enter_valid_credentials :Assertion Passed: login was made successfully
2025-03-10 17:21:05,247 : INFO : test_2_enter_invalid_credentials :Logging in with invalid credentials. E-mail: fgsdf@gmail.com / Password: sdfgsfdg
2025-03-10 17:21:05,371 : INFO : test_2_enter_invalid_credentials :Assertion Passed: Invalid login error message was displayed.
2025-03-10 17:22:25,280 : INFO : test_1_enter_valid_credentials :Logging in with valid credentials. E-mail: caioaza@gmail.com / Password: 1234
2025-03-10 17:22:25,294 : INFO : test_1_enter_valid_credentials :Assertion Passed: login was made successfully
2025-03-10 17:22:31,034 : INFO : test_2_enter_invalid_credentials :Logging in with invalid credentials. E-mail: fgsdf@gmail.com / Password: sdfgsfdg
2025-03-10 17:22:31,294 : INFO : test_2_enter_invalid_credentials :Assertion Passed: Invalid login error message was displayed.
2025-03-10 17:23:25,603 : INFO : test_1_enter_valid_credentials :Logging in with valid credentials. E-mail: caioaza@gmail.com / Password: 1234
2025-03-10 17:23:25,615 : INFO : test_1_enter_valid_credentials :Assertion Passed: login was made successfully
2025-03-10 17:23:30,872 : INFO : test_2_enter_invalid_credentials :Logging in with invalid credentials. E-mail: fgsdf@gmail.com / Password: sdfgsfdg
2025-03-10 17:23:30,910 : INFO : test_2_enter_invalid_credentials :Assertion Passed: Invalid login error message was displayed.
2025-03-10 17:24:58,234 : INFO : test_1_enter_valid_credentials :Logging in with valid credentials. E-mail: caioaza@gmail.com / Password: 1234
2025-03-10 17:24:58,246 : INFO : test_1_enter_valid_credentials :Assertion Passed: login was made successfully
2025-03-10 17:25:03,879 : INFO : test_2_enter_invalid_credentials :Logging in with invalid credentials. E-mail: fgsdf@gmail.com / Password: sdfgsfdg
2025-03-10 17:25:03,921 : INFO : test_2_enter_invalid_credentials :Assertion Passed: Invalid login error message was displayed.
2025-03-10 17:25:15,849 : INFO : test_3_empty_credentials :Logging in with empty credentials.
2025-03-10 17:25:15,872 : INFO : test_3_empty_credentials :Assertion Passed: Invalid login error message was displayed.
2025-03-10 17:31:27,879 : INFO : before_scenario :Assertion Passed: Invalid login error message was displayed.
2025-03-10 17:31:36,208 : INFO : before_scenario :Assertion Passed: Invalid login error message was displayed.
2025-03-10 17:37:59,654 : INFO : before_scenario :Assertion Passed: login was made successfully
2025-03-10 17:38:11,946 : INFO : before_scenario :Assertion Passed: Invalid login error message was displayed.
2025-03-10 17:38:24,978 : INFO : before_scenario :Assertion Passed: Invalid login error message was displayed.
2025-03-10 17:55:14,332 : INFO : before_scenario :Assertion Passed: login was made successfully
2025-03-10 17:55:19,730 : INFO : before_scenario :Assertion Passed: Invalid login error message was displayed.
2025-03-10 17:55:27,834 : INFO : before_scenario :Assertion Passed: Invalid login error message was displayed.
2025-03-10 18:25:03,453 : INFO : before_scenario :Assertion Passed: login was made successfully
2025-03-10 18:25:10,907 : INFO : before_scenario :Assertion Passed: Invalid login error message was displayed.
2025-03-10 18:25:22,225 : INFO : before_scenario :Assertion Passed: Invalid login error message was displayed.
2025-03-13 21:56:51,726 : INFO : step_impl :Collected product names: ['Sony VAIO']
2025-03-13 21:56:52,571 : INFO : step_impl :Collected product names: ['Sony VAIO', 'Nikon D300']
2025-03-17 20:52:05,413 : INFO : step_impl :Collected product names: ['Sony VAIO']
2025-03-17 20:52:06,206 : INFO : step_impl :Collected product names: ['Sony VAIO', 'Nikon D300']
2025-03-17 20:56:40,007 : INFO : step_impl :Collected product names: ['Sony VAIO']
2025-03-17 20:56:40,738 : INFO : step_impl :Collected product names: ['Sony VAIO', 'Nikon D300']
2025-03-21 16:46:41,110 : INFO : test_1_enter_valid_product_name :Assertion Passed: the displayed products match with the expected products.
2025-03-21 16:47:27,845 : ERROR : test_1_enter_valid_product_name :Assertion Failed! the displayed products don't match with the expected products. Error: Assertion Failed! the displayed products don't match with the expected products.
assert {'{"name": "iPod Touch", "price": "$122.00"}', '{"name": "iPod Shuffl2e", "price": "$122.00"}', '{"name": "iPod Nano", "price": "$122.00"}', '{"name": "iPod Classic", "price": "$122.00"}'} == {'{"name": "iPod Shuffle", "price": "$122.00"}', '{"name": "iPod Touch", "price": "$122.00"}', '{"name": "iPod Nano", "price": "$122.00"}', '{"name": "iPod Classic", "price": "$122.00"}'}
  
  Extra items in the left set:
  '{"name": "iPod Shuffl2e", "price": "$122.00"}'
  Extra items in the right set:
  '{"name": "iPod Shuffle", "price": "$122.00"}'
  
  Full diff:
    {
        '{"name": "iPod Classic", "price": "$122.00"}',
        '{"name": "iPod Nano", "price": "$122.00"}',
  -     '{"name": "iPod Shuffle", "price": "$122.00"}',
  +     '{"name": "iPod Shuffl2e", "price": "$122.00"}',
  ?                           +
        '{"name": "iPod Touch", "price": "$122.00"}',
    }
2025-03-24 10:26:03,427 : INFO : test_1_enter_valid_product_name :Assertion Passed: the displayed products match with the expected products.
2025-03-24 10:37:26,839 : INFO : test_1_enter_valid_product_name :Assertion Passed: the displayed products match with the expected products.
2025-03-24 10:43:10,250 : INFO : test_1_enter_valid_product_name :Assertion Passed: the displayed products match with the expected products.
2025-03-24 10:44:42,276 : INFO : test_1_enter_valid_product_name :Assertion Passed: the displayed products match with the expected products.
2025-03-24 10:44:42,299 : ERROR : test_2_enter_invalid_product_name :Assertion Failed! Error message was not displayed. Error: Assertion Failed! Error message was not displayed
assert <selenium.webdriver.remote.webelement.WebElement (session="aa69c5d8e8434cc97590c1c5b6d6a3cb", element="f.F47223BF00092DB0E4E4DA191AD29153.d.8F75E7BEE33E788FA7225E37CC98C58B.e.63")> == 'There is no product that matches the search criteria.'
2025-03-24 10:45:43,966 : INFO : test_1_enter_valid_product_name :Assertion Passed: the displayed products match with the expected products.
2025-03-24 10:46:42,425 : INFO : test_1_enter_valid_product_name :Assertion Passed: the displayed products match with the expected products.
2025-03-24 10:47:18,231 : INFO : test_1_enter_valid_product_name :Assertion Passed: the displayed products match with the expected products.
2025-03-24 10:48:07,396 : INFO : test_1_enter_valid_product_name :Assertion Passed: the displayed products match with the expected products.
2025-03-24 10:48:20,077 : INFO : test_1_enter_valid_product_name :Assertion Passed: the displayed products match with the expected products.
2025-03-24 10:49:14,809 : INFO : test_1_enter_valid_product_name :Assertion Passed: the displayed products match with the expected products.
2025-03-24 10:49:31,940 : INFO : test_1_enter_valid_product_name :Assertion Passed: the displayed products match with the expected products.
2025-03-24 10:49:44,916 : INFO : test_1_enter_valid_product_name :Assertion Passed: the displayed products match with the expected products.
2025-03-24 10:51:27,026 : INFO : test_1_enter_valid_product_name :Assertion Passed: the displayed products match with the expected products.
2025-03-24 10:54:24,818 : INFO : test_1_enter_valid_product_name :Assertion Passed: the displayed products match with the expected products.
2025-03-24 10:55:57,410 : INFO : test_1_enter_valid_product_name :Assertion Passed: the displayed products match with the expected products.
2025-03-24 10:55:58,264 : INFO : test_2_enter_invalid_product_name :Assertion Passed: error message %s was displayed.
2025-03-24 11:16:12,683 : INFO : test_1_enter_valid_product_name :Starting product search test with product: ipod
2025-03-24 11:16:13,796 : INFO : test_1_enter_valid_product_name :Displayed products: [{'name': 'iPod Classic', 'price': '$122.00'}, {'name': 'iPod Nano', 'price': '$122.00'}, {'name': 'iPod Shuffle', 'price': '$122.00'}, {'name': 'iPod Touch', 'price': '$122.00'}]
2025-03-24 11:16:13,796 : INFO : test_1_enter_valid_product_name :Assertion Passed: the displayed products match with the expected products.
2025-03-24 11:16:14,618 : INFO : test_2_enter_invalid_product_name :Assertion Passed: error message %s was displayed.
2025-03-24 11:24:00,136 : INFO : test_1_enter_valid_product_name :Starting product search test with product: ipod
2025-03-24 11:24:01,310 : INFO : test_1_enter_valid_product_name :Displayed products: [{'name': 'iPod Classic', 'price': '$122.00'}, {'name': 'iPod Nano', 'price': '$122.00'}, {'name': 'iPod Shuffle', 'price': '$122.00'}, {'name': 'iPod Touch', 'price': '$122.00'}]
2025-03-24 11:24:01,310 : INFO : test_1_enter_valid_product_name :Assertion Passed: the displayed products match with the expected products.
2025-03-24 11:24:01,315 : INFO : test_2_enter_invalid_product_name :Starting invalid product search test with product: xyz5441
2025-03-24 11:24:02,151 : INFO : test_2_enter_invalid_product_name :Assertion Passed: error message %s was displayed.
2025-03-24 12:05:04,651 : INFO : test_1_enter_valid_product_name :Starting product search test with product: ipod
2025-03-24 12:05:06,005 : INFO : test_1_enter_valid_product_name :Displayed products: [{'name': 'iPod Classic', 'price': '$122.00'}, {'name': 'iPod Nano', 'price': '$122.00'}, {'name': 'iPod Shuffle', 'price': '$122.00'}, {'name': 'iPod Touch', 'price': '$122.00'}]
2025-03-24 12:05:06,005 : INFO : test_1_enter_valid_product_name :Assertion Passed: the displayed products match with the expected products.
2025-03-24 12:05:06,012 : INFO : test_2_enter_invalid_product_name :Starting invalid product search test with product: xyz5441
2025-03-24 12:05:07,089 : INFO : test_2_enter_invalid_product_name :Assertion Passed: error message %s was displayed.
2025-03-24 12:08:29,107 : INFO : test_1_enter_valid_product_name :Starting product search test with product: ipod
2025-03-24 12:08:30,220 : INFO : test_1_enter_valid_product_name :Displayed products: [{'name': 'iPod Classic', 'price': '$122.00'}, {'name': 'iPod Nano', 'price': '$122.00'}, {'name': 'iPod Shuffle', 'price': '$122.00'}, {'name': 'iPod Touch', 'price': '$122.00'}]
2025-03-24 12:08:30,220 : INFO : test_1_enter_valid_product_name :Assertion Passed: the displayed products match with the expected products.
2025-03-24 12:08:30,226 : INFO : test_2_enter_invalid_product_name :Starting invalid product search test with product: xyz5441
2025-03-24 12:08:31,142 : INFO : test_2_enter_invalid_product_name :Assertion Passed: error message %s was displayed.
2025-03-24 12:17:00,068 : INFO : test_1_enter_valid_product_name :Starting product search test with product: ipod
2025-03-24 12:17:01,219 : INFO : test_1_enter_valid_product_name :Displayed products: [{'name': 'iPod Classic', 'price': '$122.00'}, {'name': 'iPod Nano', 'price': '$122.00'}, {'name': 'iPod Shuffle', 'price': '$122.00'}, {'name': 'iPod Touch', 'price': '$122.00'}]
2025-03-24 12:17:01,220 : INFO : test_1_enter_valid_product_name :Assertion Passed: the displayed products match with the expected products.
2025-03-24 12:17:01,225 : INFO : test_2_enter_invalid_product_name :Starting invalid product search test with product: xyz5441
2025-03-24 12:17:02,074 : INFO : test_2_enter_invalid_product_name :Assertion Passed: error message %s was displayed.
2025-03-24 12:18:12,835 : INFO : test_1_enter_valid_product_name :Starting product search test with product: ipod
2025-03-24 12:18:13,986 : INFO : test_1_enter_valid_product_name :Displayed products: [{'name': 'iPod Classic', 'price': '$122.00'}, {'name': 'iPod Nano', 'price': '$122.00'}, {'name': 'iPod Shuffle', 'price': '$122.00'}, {'name': 'iPod Touch', 'price': '$122.00'}]
2025-03-24 12:18:13,987 : INFO : test_1_enter_valid_product_name :Assertion Passed: the displayed products match with the expected products.
2025-03-24 12:18:13,992 : INFO : test_2_enter_invalid_product_name :Starting invalid product search test with product: xyz5441
2025-03-24 12:18:14,760 : INFO : test_2_enter_invalid_product_name :Assertion Passed: error message %s was displayed.
2025-03-24 12:19:09,940 : INFO : test_1_enter_valid_product_name :Starting product search test with product: ipod
2025-03-24 12:19:11,119 : INFO : test_1_enter_valid_product_name :Displayed products: [{'name': 'iPod Classic', 'price': '$122.00'}, {'name': 'iPod Nano', 'price': '$122.00'}, {'name': 'iPod Shuffle', 'price': '$122.00'}, {'name': 'iPod Touch', 'price': '$122.00'}]
2025-03-24 12:19:11,119 : INFO : test_1_enter_valid_product_name :Assertion Passed: the displayed products match with the expected products.
2025-03-24 12:19:11,124 : INFO : test_2_enter_invalid_product_name :Starting invalid product search test with product: xyz5441
2025-03-24 12:19:11,848 : INFO : test_2_enter_invalid_product_name :Assertion Passed: error message %s was displayed.
2025-03-24 12:20:37,341 : INFO : test_1_enter_valid_product_name :Starting product search test with product: ipod
2025-03-24 12:20:38,477 : INFO : test_1_enter_valid_product_name :Displayed products: [{'name': 'iPod Classic', 'price': '$122.00'}, {'name': 'iPod Nano', 'price': '$122.00'}, {'name': 'iPod Shuffle', 'price': '$122.00'}, {'name': 'iPod Touch', 'price': '$122.00'}]
2025-03-24 12:20:38,477 : INFO : test_1_enter_valid_product_name :Assertion Passed: the displayed products match with the expected products.
2025-03-24 12:20:38,481 : INFO : test_2_enter_invalid_product_name :Starting invalid product search test with product: xyz5441
2025-03-24 12:20:39,330 : INFO : test_2_enter_invalid_product_name :Assertion Passed: error message %s was displayed.
2025-03-24 12:20:40,443 : INFO : test_3_verify_category_menu :Displayed products: [{'name': 'HTC Touch HD', 'price': '$122.00'}, {'name': 'iPhone', 'price': '$123.20'}, {'name': 'Palm Treo Pro', 'price': '$337.99'}]
2025-03-24 12:20:40,443 : INFO : test_3_verify_category_menu :Assertion Passed: the displayed products match with the expected products.
2025-03-25 18:16:19,915 : INFO : test_1_verify_items_data :Assertion Passed: the products added to the cart match with the products in the cart.
2025-03-25 18:16:31,983 : INFO : test_1_verify_items_data :Assertion Passed: the products added to the cart match with the products in the cart.
2025-03-25 18:42:43,845 : INFO : test_1_verify_items_data :Assertion Passed: the products added to the cart match with the products in the cart.
2025-03-25 18:46:21,071 : INFO : test_1_verify_items_data :Assertion Passed: the products added to the cart match with the products in the cart.
2025-03-25 18:54:29,687 : INFO : test_1_verify_items_data :Assertion Passed: the products added to the cart match with the products in the cart.
2025-03-25 18:58:30,996 : INFO : test_1_verify_items_data :Assertion Passed: the products added to the cart match with the products in the cart.
2025-03-25 18:59:42,869 : INFO : test_1_verify_items_data :Assertion Passed: the products added to the cart match with the products in the cart.
2025-03-25 19:00:34,403 : INFO : test_1_verify_items_data :Assertion Passed: the products added to the cart match with the products in the cart.
2025-03-25 19:05:06,930 : INFO : test_1_verify_items_data :Assertion Passed: the products added to the cart match with the products in the cart.
2025-03-25 19:07:30,912 : INFO : test_1_verify_items_data :Assertion Passed: the products added to the cart match with the products in the cart.
2025-03-25 19:09:42,542 : INFO : test_1_verify_items_data :Assertion Passed: the products added to the cart match with the products in the cart.
2025-03-25 19:12:14,239 : INFO : test_1_verify_items_data :Assertion Passed: the products added to the cart match with the products in the cart.
2025-03-25 19:13:05,636 : INFO : test_1_verify_items_data :Assertion Passed: the products added to the cart match with the products in the cart.
2025-03-25 19:13:39,051 : INFO : test_1_verify_items_data :Assertion Passed: the products added to the cart match with the products in the cart.
2025-03-25 19:20:48,973 : INFO : test_1_verify_items_data :Assertion Passed: the products added to the cart match with the products in the cart.
2025-03-25 19:25:16,436 : INFO : test_1_verify_items_data :Assertion Passed: the products added to the cart match with the products in the cart.
2025-03-25 19:26:47,257 : INFO : test_1_verify_items_data :Assertion Passed: the products added to the cart match with the products in the cart.
2025-03-25 19:31:13,686 : INFO : test_1_verify_items_data :Assertion Passed: the products added to the cart match with the products in the cart.
2025-03-26 10:10:50,038 : INFO : test_1_verify_items_data :Assertion Passed: the products added to the cart match with the products in the cart.
2025-03-26 10:40:10,157 : INFO : test_1_verify_items_data :Assertion Passed: the products added to the cart match with the products in the cart.
2025-03-26 10:40:36,864 : INFO : test_1_verify_items_data :Assertion Passed: the products added to the cart match with the products in the cart.
2025-03-26 10:47:11,945 : INFO : test_1_verify_items_data :Assertion Passed: the products added to the cart match with the products in the cart.
2025-03-26 10:52:53,748 : INFO : test_1_verify_items_data :Assertion Passed: the products added to the cart match with the products in the cart.
2025-03-26 10:58:52,557 : INFO : test_1_verify_items_data :Assertion Passed: the products added to the cart match with the products in the cart.
2025-03-26 10:59:48,920 : INFO : test_1_verify_items_data :Assertion Passed: the products added to the cart match with the products in the cart.
2025-03-26 11:00:44,710 : INFO : test_1_verify_items_data :Assertion Passed: the products added to the cart match with the products in the cart.
2025-03-26 11:04:32,949 : INFO : test_1_verify_items_data :Assertion Passed: the products added to the cart match with the products in the cart.
2025-03-26 11:22:47,508 : INFO : test_1_verify_items_data :Assertion Passed: the products added to the cart match with the products in the cart.
2025-03-26 11:23:51,607 : INFO : test_1_verify_items_data :Assertion Passed: the products added to the cart match with the products in the cart.
2025-03-26 11:29:40,861 : INFO : test_1_verify_items_data :Assertion Passed: the products added to the cart match with the products in the cart.
2025-03-26 11:31:04,619 : INFO : test_1_verify_items_data :Assertion Passed: the products added to the cart match with the products in the cart.
2025-03-26 11:35:35,764 : INFO : test_3_checkout_emptycart_button :Assertion Passed: Checkout button is not present when cart is empty
2025-03-26 11:35:56,337 : INFO : test_1_verify_items_data :Assertion Passed: the products added to the cart match with the products in the cart.
2025-03-26 11:36:14,417 : INFO : test_1_verify_items_data :Assertion Passed: the products added to the cart match with the products in the cart.
2025-03-26 11:36:31,117 : INFO : test_1_verify_items_data :Assertion Passed: the products added to the cart match with the products in the cart.
2025-03-26 11:37:03,014 : INFO : test_1_verify_items_data :Assertion Passed: the products added to the cart match with the products in the cart.
2025-03-26 11:37:13,850 : INFO : test_3_checkout_emptycart_button :Assertion Passed: Checkout button is not present when cart is empty
2025-03-26 11:37:32,296 : INFO : test_1_verify_items_data :Assertion Passed: the products added to the cart match with the products in the cart.
2025-03-26 11:48:19,788 : INFO : test_1_verify_items_data :Assertion Passed: the products added to the cart match with the products in the cart.
2025-03-26 11:48:31,105 : INFO : test_3_checkout_emptycart_button :Assertion Passed: Checkout button is not present when cart is empty
2025-03-26 11:49:21,320 : INFO : test_1_verify_items_data :Assertion Passed: the products added to the cart match with the products in the cart.
2025-03-26 11:50:52,166 : INFO : test_1_verify_items_data :Assertion Passed: the products added to the cart match with the products in the cart.
2025-03-26 11:51:22,329 : INFO : test_3_checkout_empty_cart_button :Assertion Passed: Checkout button is not present when cart is empty
2025-03-26 12:51:49,519 : INFO : test_4_remove_product :Assertion Passed: Products are being correctly removed.
2025-03-26 12:52:30,730 : INFO : test_1_verify_items_data :Assertion Passed: the products added to the cart match with the products in the cart.
2025-03-26 12:53:08,865 : INFO : test_3_checkout_empty_cart_button :Assertion Passed: Checkout button is not present when cart is empty
2025-03-26 12:53:25,369 : INFO : test_4_remove_product :Assertion Passed: Products are being correctly removed.
2025-03-26 13:02:00,976 : INFO : test_1_verify_items_data :Assertion Passed: the products added to the cart match with the products in the cart.
2025-03-26 13:03:16,701 : INFO : test_1_verify_items_data :Assertion Passed: the products added to the cart match with the products in the cart.
2025-03-26 13:04:08,263 : INFO : test_1_verify_items_data :Assertion Passed: the products added to the cart match with the products in the cart.
2025-03-26 13:04:44,043 : INFO : test_3_checkout_empty_cart_button :Assertion Passed: Checkout button is not present when cart is empty
2025-03-26 13:05:00,177 : INFO : test_4_remove_product :Assertion Passed: Products are being correctly removed.
2025-03-26 15:37:21,452 : INFO : test_1_verify_items_data :Assertion Passed: the products added to the cart match with the products in the cart.
2025-03-26 15:37:52,474 : INFO : test_3_checkout_empty_cart_button :Assertion Passed: Checkout button is not present when cart is empty
2025-03-26 15:39:12,357 : INFO : test_1_verify_items_data :Assertion Passed: the products added to the cart match with the products in the cart.
2025-03-26 15:39:41,672 : INFO : test_3_checkout_empty_cart_button :Assertion Passed: Checkout button is not present when cart is empty
2025-03-26 15:39:56,198 : INFO : test_4_remove_product :Assertion Passed: Products are being correctly removed.
2025-03-26 15:49:37,300 : INFO : test_1_verify_items_data :Assertion Passed: the products added to the cart match with the products in the cart.
2025-03-26 15:50:08,512 : INFO : test_3_checkout_empty_cart_button :Assertion Passed: Checkout button is not present when cart is empty
2025-03-26 15:50:23,162 : INFO : test_4_remove_product :Assertion Passed: Products are being correctly removed.
2025-03-26 16:09:19,259 : INFO : test_1_verify_items_data :Assertion Passed: the products added to the cart match with the products in the cart.
2025-03-26 16:10:12,760 : INFO : test_1_verify_items_data :Assertion Passed: the products added to the cart match with the products in the cart.
2025-03-26 16:10:43,418 : INFO : test_3_checkout_empty_cart_button :Assertion Passed: Checkout button is not present when cart is empty
2025-03-26 16:10:58,094 : INFO : test_4_remove_product :Assertion Passed: Products are being correctly removed.
2025-03-26 16:39:29,985 : INFO : test_1_verify_items_data :Assertion Passed: the products added to the cart match with the products in the cart.
2025-03-26 16:39:59,134 : INFO : test_3_checkout_empty_cart_button :Assertion Passed: Checkout button is not present when cart is empty
2025-03-26 16:40:13,923 : INFO : test_4_remove_product :Assertion Passed: Products are being correctly removed.
2025-03-26 16:42:16,678 : INFO : test_1_verify_items_data :Assertion Passed: the products added to the cart match with the products in the cart.
2025-03-26 16:42:47,493 : INFO : test_3_checkout_empty_cart_button :Assertion Passed: Checkout button is not present when cart is empty
2025-03-26 16:43:02,154 : INFO : test_4_remove_product :Assertion Passed: Products are being correctly removed.
2025-03-26 16:54:25,988 : INFO : test_4_remove_product :Assertion Passed: Products are being correctly removed.
2025-03-26 17:06:23,244 : INFO : test_1_verify_items_data :Assertion Passed: the products added to the cart match with the products in the cart.
2025-03-26 17:06:54,665 : INFO : test_3_checkout_empty_cart_button :Assertion Passed: Checkout button is not present when cart is empty
2025-03-26 17:07:09,335 : INFO : test_4_remove_product :Assertion Passed: Products are being correctly removed.
2025-03-27 16:46:03,980 : INFO : step_impl :Collected product names: ['Sony VAIO']
2025-03-27 16:46:04,705 : INFO : step_impl :Collected product names: ['Sony VAIO', 'Nikon D300']
2025-03-27 19:07:05,192 : INFO : test_1_enter_valid_credentials :Logging in with valid credentials. E-mail: caioaza@gmail.com / Password: 123456
2025-03-27 19:07:05,203 : INFO : test_1_enter_valid_credentials :Assertion Passed: login was made successfully
2025-03-27 19:07:08,900 : INFO : test_2_enter_invalid_credentials :Logging in with invalid credentials. E-mail: fgsdf@gmail.com / Password: sdfgsfdg
2025-03-27 19:10:16,317 : INFO : test_1_enter_valid_credentials :Logging in with valid credentials. E-mail: caioaza@gmail.com / Password: 123456
2025-03-27 19:10:16,325 : INFO : test_1_enter_valid_credentials :Assertion Passed: login was made successfully
2025-03-27 19:10:19,034 : INFO : test_2_enter_invalid_credentials :Logging in with invalid credentials. E-mail: fgsdf@gmail.com / Password: sdfgsfdg
2025-03-27 19:15:25,490 : INFO : test_2_enter_invalid_credentials :Logging in with invalid credentials. E-mail: fgsdf@gmail.com / Password: sdfgsfdg
2025-03-27 19:15:25,693 : INFO : test_2_enter_invalid_credentials :Assertion Passed: Invalid login error message was displayed.
2025-03-27 19:25:45,597 : INFO : test_2_enter_invalid_credentials :Logging in with invalid credentials. E-mail: fgsdf@gmail.com / Password: sdfgsfdg
2025-03-27 19:25:45,695 : INFO : test_2_enter_invalid_credentials :Assertion Passed: Invalid login error message was displayed.
2025-03-27 19:25:51,564 : INFO : test_3_empty_credentials :Logging in with empty credentials.
2025-03-27 19:25:51,664 : INFO : test_3_empty_credentials :Assertion Passed: Invalid login error message was displayed.
2025-03-27 20:41:17,709 : INFO : test_1_enter_valid_credentials :Logging in with valid credentials. E-mail: caioaza@gmail.com / Password: 123456
2025-03-27 20:41:17,712 : INFO : test_1_enter_valid_credentials :Assertion Passed: login was made successfully
2025-03-27 20:41:19,743 : INFO : test_2_enter_invalid_credentials :Logging in with invalid credentials. E-mail: fgsdf@gmail.com / Password: sdfgsfdg
2025-03-27 20:41:19,918 : INFO : test_2_enter_invalid_credentials :Assertion Passed: Invalid login error message was displayed.
2025-03-27 20:41:25,427 : INFO : test_3_empty_credentials :Logging in with empty credentials.
2025-03-27 20:41:25,587 : INFO : test_3_empty_credentials :Assertion Passed: Invalid login error message was displayed.
2025-03-27 20:41:49,091 : INFO : before_scenario :Assertion Passed: login was made successfully
2025-03-27 20:52:07,350 : INFO : before_scenario :Assertion Passed: login was made successfully
2025-03-27 21:03:27,346 : INFO : before_scenario :Assertion Passed: login was made successfully
2025-03-27 21:04:49,258 : INFO : before_scenario :Assertion Passed: login was made successfully
2025-03-27 21:06:25,197 : INFO : test_1_enter_valid_credentials :Logging in with valid credentials. E-mail: caioaza@gmail.com / Password: 123456
2025-03-27 21:06:25,201 : INFO : test_1_enter_valid_credentials :Assertion Passed: login was made successfully
2025-03-27 21:06:27,188 : INFO : test_2_enter_invalid_credentials :Logging in with invalid credentials. E-mail: fgsdf@gmail.com / Password: sdfgsfdg
2025-03-27 21:06:27,271 : ERROR : test_2_enter_invalid_credentials :Assertion Failed! Invalid login error message wasn't displayed.
2025-03-27 21:06:32,857 : INFO : test_3_empty_credentials :Logging in with empty credentials.
2025-03-27 21:06:32,950 : ERROR : test_3_empty_credentials :Assertion Failed! Invalid login error message wasn't displayed.
2025-03-27 21:07:16,762 : INFO : before_scenario :Assertion Passed: login was made successfully
2025-03-27 21:07:22,303 : INFO : before_scenario :Assertion Passed: Invalid login error message was displayed.
2025-03-27 21:08:08,031 : INFO : test_1_enter_valid_credentials :Logging in with valid credentials. E-mail: caioaza@gmail.com / Password: 123456
2025-03-27 21:08:08,037 : INFO : test_1_enter_valid_credentials :Assertion Passed: login was made successfully
2025-03-27 21:08:10,021 : INFO : test_2_enter_invalid_credentials :Logging in with invalid credentials. E-mail: fgsd67456f@gmail.com / Password: sd57fgsfdg
2025-03-27 21:08:10,191 : INFO : test_2_enter_invalid_credentials :Assertion Passed: Invalid login error message was displayed.
2025-03-27 21:08:15,650 : INFO : test_3_empty_credentials :Logging in with empty credentials.
2025-03-27 21:08:15,756 : ERROR : test_3_empty_credentials :Assertion Failed! Invalid login error message wasn't displayed.
2025-03-28 08:37:17,170 : INFO : test_1_enter_valid_credentials :Logging in with valid credentials. E-mail: caioaza@gmail.com / Password: 123456
2025-03-28 08:37:17,184 : INFO : test_1_enter_valid_credentials :Assertion Passed: login was made successfully
2025-03-28 08:37:19,840 : INFO : test_2_enter_invalid_credentials :Logging in with invalid credentials. E-mail: fgsd67456f@gmail.com / Password: sd57fgsfdg
2025-03-28 08:37:19,961 : INFO : test_2_enter_invalid_credentials :Assertion Passed: Invalid login error message was displayed.
2025-03-28 08:37:26,811 : INFO : test_3_empty_credentials :Logging in with empty credentials.
2025-03-28 08:37:26,970 : INFO : test_3_empty_credentials :Assertion Passed: Invalid login error message was displayed.
2025-03-28 08:41:29,788 : INFO : test_1_enter_valid_credentials :Logging in with valid credentials. E-mail: caioaza@gmail.com / Password: 123456
2025-03-28 08:41:29,804 : INFO : test_1_enter_valid_credentials :Assertion Passed: login was made successfully
2025-03-28 08:41:32,432 : INFO : test_2_enter_invalid_credentials :Logging in with invalid credentials. E-mail: fgsd67456f@gmail.com / Password: sd57fgsfdg
2025-03-28 08:41:32,533 : INFO : test_2_enter_invalid_credentials :Assertion Passed: Invalid login error message was displayed.
2025-03-28 08:41:38,710 : INFO : test_3_empty_credentials :Logging in with empty credentials.
2025-03-28 08:41:38,809 : ERROR : test_3_empty_credentials :Assertion Failed! Invalid login error message wasn't displayed.
2025-03-28 08:45:00,219 : INFO : before_scenario :Assertion Passed: login was made successfully
2025-03-28 08:45:07,427 : INFO : before_scenario :Assertion Passed: Invalid login error message was displayed.
2025-03-28 08:48:02,367 : INFO : test_1_enter_valid_credentials :Logging in with valid credentials. E-mail: caioaza@gmail.com / Password: 123456
2025-03-28 08:48:02,380 : INFO : test_1_enter_valid_credentials :Assertion Passed: login was made successfully
2025-03-28 08:48:05,258 : INFO : test_2_enter_invalid_credentials :Logging in with invalid credentials. E-mail: fgsd67456f@gmail.com / Password: sd57fgsfdg
2025-03-28 08:48:05,376 : INFO : test_2_enter_invalid_credentials :Assertion Passed: Invalid login error message was displayed.
2025-03-28 08:48:11,462 : INFO : test_3_empty_credentials :Logging in with empty credentials.
2025-03-28 08:48:11,578 : ERROR : test_3_empty_credentials :Assertion Failed! Invalid login error message wasn't displayed.
2025-03-28 08:49:03,092 : INFO : test_1_enter_valid_credentials :Logging in with valid credentials. E-mail: caioaza@gmail.com / Password: 123456
2025-03-28 08:49:03,106 : INFO : test_1_enter_valid_credentials :Assertion Passed: login was made successfully
2025-03-28 08:49:06,151 : INFO : test_2_enter_invalid_credentials :Logging in with invalid credentials. E-mail: fgsd67456f@gmail.com / Password: sd57fgsfdg
2025-03-28 08:49:06,295 : INFO : test_2_enter_invalid_credentials :Assertion Passed: Invalid login error message was displayed.
2025-03-28 08:49:12,412 : INFO : test_3_empty_credentials :Logging in with empty credentials.
2025-03-28 08:49:12,517 : ERROR : test_3_empty_credentials :Assertion Failed! Invalid login error message wasn't displayed.
2025-03-28 11:28:35,716 : INFO : test_1_verify_items_data :Assertion Passed: the products added to the cart match with the products in the cart.
2025-03-28 11:29:09,209 : INFO : test_3_checkout_empty_cart_button :Assertion Passed: Checkout button is not present when cart is empty
2025-03-28 11:29:24,474 : INFO : test_4_remove_product :Assertion Passed: Products are being correctly removed.
2025-03-28 11:41:31,510 : INFO : test_1_verify_items_data :Assertion Passed: the products added to the cart match with the products in the cart.
2025-03-28 11:41:58,595 : INFO : test_3_checkout_empty_cart_button :Assertion Passed: Checkout button is not present when cart is empty
2025-03-28 11:42:13,765 : INFO : test_4_remove_product :Assertion Passed: Products are being correctly removed.
2025-03-30 14:09:26,790 : INFO : test_1_verify_items_data :Assertion Passed: the products added to the cart match with the products in the cart.
2025-03-30 14:10:03,314 : INFO : test_3_checkout_empty_cart_button :Assertion Passed: Checkout button is not present when cart is empty
2025-03-30 14:10:18,456 : INFO : test_4_remove_product :Assertion Passed: Products are being correctly removed.
2025-03-30 14:10:35,379 : INFO : test_1_enter_valid_credentials :Logging in with valid credentials. E-mail: caioaza@gmail.com / Password: 123456
2025-03-30 14:10:35,390 : INFO : test_1_enter_valid_credentials :Assertion Passed: login was made successfully
2025-03-30 14:10:38,766 : INFO : test_2_enter_invalid_credentials :Logging in with invalid credentials. E-mail: fgsd67456f@gmail.com / Password: sd57fgsfdg
2025-03-30 14:10:38,904 : INFO : test_2_enter_invalid_credentials :Assertion Passed: Invalid login error message was displayed.
2025-03-30 14:10:44,826 : INFO : test_3_empty_credentials :Logging in with empty credentials.
2025-03-30 14:10:44,926 : INFO : test_3_empty_credentials :Assertion Passed: Invalid login error message was displayed.
2025-03-30 14:10:49,871 : INFO : test_1_enter_valid_product_name :Starting product search test with product: ipod
2025-03-30 14:10:51,400 : INFO : test_1_enter_valid_product_name :Displayed products: [{'name': 'iPod Classic', 'price': '$122.00'}, {'name': 'iPod Nano', 'price': '$122.00'}, {'name': 'iPod Shuffle', 'price': '$122.00'}, {'name': 'iPod Touch', 'price': '$122.00'}]
2025-03-30 14:10:51,400 : INFO : test_1_enter_valid_product_name :Assertion Passed: the displayed products match with the expected products.
2025-03-30 14:10:51,410 : INFO : test_2_enter_invalid_product_name :Starting invalid product search test with product: xyz5441
2025-03-30 14:10:52,442 : INFO : test_2_enter_invalid_product_name :Assertion Passed: error message %s was displayed.
2025-03-30 14:10:53,621 : INFO : test_3_verify_category_menu :Displayed products: [{'name': 'HTC Touch HD', 'price': '$122.00'}, {'name': 'iPhone', 'price': '$123.20'}, {'name': 'Palm Treo Pro', 'price': '$337.99'}]
2025-03-30 14:10:53,621 : INFO : test_3_verify_category_menu :Assertion Passed: the displayed products match with the expected products.
2025-03-30 14:23:41,119 : INFO : before_scenario :Assertion Passed: login was made successfully
2025-03-30 14:23:52,372 : INFO : before_scenario :Assertion Passed: Invalid login error message was displayed.
2025-03-30 14:24:02,627 : INFO : step_impl :Collected product names: ['Sony VAIO']
2025-03-30 14:24:03,337 : INFO : step_impl :Collected product names: ['Sony VAIO', 'Nikon D300']
